[2021-09-20T22:07:48.990] [DEBUG] cheese - login => username:zs,password:123456
[2021-09-20T22:07:49.004] [DEBUG] cheese - zs
[2021-09-20T22:07:49.012] [DEBUG] cheese - null
[2021-09-20T22:07:49.013] [DEBUG] cheese - null
[2021-09-20T22:08:11.014] [DEBUG] cheese - login => username:admin,password:123456
[2021-09-20T22:08:11.014] [DEBUG] cheese - admin
[2021-09-20T22:08:11.020] [DEBUG] cheese - null
[2021-09-20T22:08:11.020] [DEBUG] cheese - null
[2021-09-22T15:59:35.905] [DEBUG] cheese - login => username:zs11,password:12311111111
[2021-09-22T15:59:35.909] [DEBUG] cheese - zs11
[2021-09-22T15:59:35.922] [DEBUG] cheese - null
[2021-09-22T15:59:35.923] [DEBUG] cheese - null
[2021-09-22T16:02:18.241] [DEBUG] cheese - login => username:zs11,password:12311111111111
[2021-09-22T16:02:18.242] [DEBUG] cheese - zs11
[2021-09-22T16:02:18.244] [DEBUG] cheese - null
[2021-09-22T16:02:18.244] [DEBUG] cheese - null
[2021-09-22T16:05:03.894] [DEBUG] cheese - login => username:admin,password:123456
[2021-09-22T16:05:03.894] [DEBUG] cheese - admin
[2021-09-22T16:05:03.899] [DEBUG] cheese - null
[2021-09-22T16:05:03.900] [DEBUG] cheese - null
[2021-09-22T16:07:31.380] [DEBUG] cheese - login => username:zs111,password:12311111
[2021-09-22T16:07:31.380] [DEBUG] cheese - zs111
[2021-09-22T16:07:31.384] [DEBUG] cheese - null
[2021-09-22T16:07:31.384] [DEBUG] cheese - null
[2021-09-22T16:17:05.184] [DEBUG] cheese - login => username:zs111,password:12311111
[2021-09-22T16:17:05.184] [DEBUG] cheese - zs111
[2021-09-22T16:17:05.187] [DEBUG] cheese - null
[2021-09-22T16:17:05.187] [DEBUG] cheese - null
[2021-09-22T16:17:11.618] [DEBUG] cheese - login => username:zs111,password:12311111
[2021-09-22T16:17:11.619] [DEBUG] cheese - zs111
[2021-09-22T16:17:11.621] [DEBUG] cheese - null
[2021-09-22T16:17:11.621] [DEBUG] cheese - null
[2021-09-22T16:22:31.764] [DEBUG] cheese - login => username:admin,password:123456
[2021-09-22T16:22:31.764] [DEBUG] cheese - admin
[2021-09-22T16:22:31.769] [DEBUG] cheese - null
[2021-09-22T16:22:31.770] [DEBUG] cheese - null
[2021-09-22T16:30:29.885] [DEBUG] cheese - login => username:admin,password:123456
[2021-09-22T16:30:29.885] [DEBUG] cheese - admin
[2021-09-22T16:30:29.893] [DEBUG] cheese - null
[2021-09-22T16:30:29.893] [DEBUG] cheese - null
[2021-09-22T17:40:22.778] [DEBUG] cheese - login => username:admin,password:123456
[2021-09-22T17:40:22.779] [DEBUG] cheese - admin
[2021-09-22T17:40:22.788] [DEBUG] cheese - null
[2021-09-22T17:40:22.788] [DEBUG] cheese - null
[2021-09-22T21:32:06.917] [DEBUG] cheese - login => username:admin,password:123456
[2021-09-22T21:32:06.918] [DEBUG] cheese - admin
[2021-09-22T21:32:06.925] [DEBUG] cheese - null
[2021-09-22T21:32:06.925] [DEBUG] cheese - null
[2021-09-22T22:26:16.269] [DEBUG] cheese - login => username:admin,password:123456
[2021-09-22T22:26:16.269] [DEBUG] cheese - admin
[2021-09-22T22:26:16.281] [DEBUG] cheese - null
[2021-09-22T22:26:16.281] [DEBUG] cheese - null
[2021-09-22T22:28:57.086] [DEBUG] cheese - login => username:admin,password:123456
[2021-09-22T22:28:57.086] [DEBUG] cheese - admin
[2021-09-22T22:28:57.100] [DEBUG] cheese - null
[2021-09-22T22:28:57.100] [DEBUG] cheese - null
[2021-09-22T22:30:06.730] [DEBUG] cheese - login => username:admin,password:123456
[2021-09-22T22:30:06.730] [DEBUG] cheese - admin
[2021-09-22T22:30:06.737] [DEBUG] cheese - null
[2021-09-22T22:30:06.737] [DEBUG] cheese - null
[2021-09-22T22:39:46.547] [DEBUG] cheese - login => username:admin,password:123456
[2021-09-22T22:39:46.547] [DEBUG] cheese - admin
[2021-09-22T22:39:46.551] [DEBUG] cheese - null
[2021-09-22T22:39:46.551] [DEBUG] cheese - null
[2021-09-22T22:40:35.645] [DEBUG] cheese - login => username:admin,password:123456
[2021-09-22T22:40:35.645] [DEBUG] cheese - admin
[2021-09-22T22:40:35.648] [DEBUG] cheese - null
[2021-09-22T22:40:35.649] [DEBUG] cheese - null
[2021-09-22T22:42:37.323] [DEBUG] cheese - login => username:admin,password:123456
[2021-09-22T22:42:37.323] [DEBUG] cheese - admin
[2021-09-22T22:42:37.337] [DEBUG] cheese - null
[2021-09-22T22:42:37.337] [DEBUG] cheese - null
[2021-09-23T15:17:17.624] [DEBUG] cheese - login => username:admin,password:123456
[2021-09-23T15:17:17.625] [DEBUG] cheese - admin
[2021-09-23T15:17:17.655] [DEBUG] cheese - null
[2021-09-23T15:17:17.655] [DEBUG] cheese - null
[2021-09-23T15:18:48.063] [DEBUG] cheese - login => username:admin,password:123456
[2021-09-23T15:18:48.064] [DEBUG] cheese - admin
[2021-09-23T15:18:48.070] [DEBUG] cheese - null
[2021-09-23T15:18:48.070] [DEBUG] cheese - null
[2021-09-23T15:23:02.996] [DEBUG] cheese - login => username:admin,password:123456
[2021-09-23T15:23:02.997] [DEBUG] cheese - admin
[2021-09-23T15:23:03.001] [DEBUG] cheese - null
[2021-09-23T15:23:03.001] [DEBUG] cheese - null
[2021-09-23T15:23:10.067] [DEBUG] cheese - login => username:admin,password:123456
[2021-09-23T15:23:10.067] [DEBUG] cheese - admin
[2021-09-23T15:23:10.070] [DEBUG] cheese - null
[2021-09-23T15:23:10.070] [DEBUG] cheese - null
[2021-09-23T15:23:29.250] [DEBUG] cheese - login => username:admin,password:123456
[2021-09-23T15:23:29.251] [DEBUG] cheese - admin
[2021-09-23T15:23:29.255] [DEBUG] cheese - null
[2021-09-23T15:23:29.255] [DEBUG] cheese - null
[2021-09-23T15:24:47.277] [DEBUG] cheese - login => username:admin,password:123456
[2021-09-23T15:24:47.277] [DEBUG] cheese - admin
[2021-09-23T15:24:47.279] [DEBUG] cheese - null
[2021-09-23T15:24:47.280] [DEBUG] cheese - null
[2021-09-23T15:27:09.518] [DEBUG] cheese - login => username:admin,password:123456
[2021-09-23T15:27:09.519] [DEBUG] cheese - admin
[2021-09-23T15:27:09.522] [DEBUG] cheese - null
[2021-09-23T15:27:09.522] [DEBUG] cheese - null
[2021-09-23T15:27:42.238] [DEBUG] cheese - login => username:admin,password:123456
[2021-09-23T15:27:42.238] [DEBUG] cheese - admin
[2021-09-23T15:27:42.240] [DEBUG] cheese - null
[2021-09-23T15:27:42.240] [DEBUG] cheese - null
[2021-09-23T15:28:07.704] [DEBUG] cheese - login => username:admin,password:123456
[2021-09-23T15:28:07.704] [DEBUG] cheese - admin
[2021-09-23T15:28:07.706] [DEBUG] cheese - null
[2021-09-23T15:28:07.706] [DEBUG] cheese - null
[2021-09-23T15:28:36.599] [DEBUG] cheese - login => username:admin,password:123456
[2021-09-23T15:28:36.600] [DEBUG] cheese - admin
[2021-09-23T15:28:36.602] [DEBUG] cheese - null
[2021-09-23T15:28:36.602] [DEBUG] cheese - null
[2021-09-23T15:47:08.261] [DEBUG] cheese - login => username:admin,password:123456
[2021-09-23T15:47:08.261] [DEBUG] cheese - admin
[2021-09-23T15:47:08.264] [DEBUG] cheese - null
[2021-09-23T15:47:08.264] [DEBUG] cheese - null
[2021-09-23T22:01:44.566] [DEBUG] cheese - login => username:admin,password:123456
[2021-09-23T22:01:44.567] [DEBUG] cheese - admin
[2021-09-23T22:01:44.598] [DEBUG] cheese - null
[2021-09-23T22:01:44.598] [DEBUG] cheese - null
[2021-09-23T22:02:08.481] [DEBUG] cheese - login => username:admin,password:123456
[2021-09-23T22:02:08.481] [DEBUG] cheese - admin
[2021-09-23T22:02:08.484] [DEBUG] cheese - null
[2021-09-23T22:02:08.484] [DEBUG] cheese - null
[2021-09-23T22:05:21.603] [DEBUG] cheese - login => username:admin,password:123456
[2021-09-23T22:05:21.603] [DEBUG] cheese - admin
[2021-09-23T22:05:21.605] [DEBUG] cheese - null
[2021-09-23T22:05:21.605] [DEBUG] cheese - null
[2021-09-23T22:12:51.412] [DEBUG] cheese - login => username:admin,password:123456
[2021-09-23T22:12:51.412] [DEBUG] cheese - admin
[2021-09-23T22:12:51.414] [DEBUG] cheese - null
[2021-09-23T22:12:51.414] [DEBUG] cheese - null
[2021-09-23T22:13:11.059] [DEBUG] cheese - login => username:admin,password:123456
[2021-09-23T22:13:11.059] [DEBUG] cheese - admin
[2021-09-23T22:13:11.062] [DEBUG] cheese - null
[2021-09-23T22:13:11.062] [DEBUG] cheese - null
[2021-09-23T22:13:19.550] [DEBUG] cheese - login => username:admin,password:123456
[2021-09-23T22:13:19.550] [DEBUG] cheese - admin
[2021-09-23T22:13:19.554] [DEBUG] cheese - null
[2021-09-23T22:13:19.555] [DEBUG] cheese - null
[2021-09-23T22:13:23.538] [DEBUG] cheese - login => username:admin,password:123456
[2021-09-23T22:13:23.538] [DEBUG] cheese - admin
[2021-09-23T22:13:23.541] [DEBUG] cheese - null
[2021-09-23T22:13:23.541] [DEBUG] cheese - null
[2021-09-23T22:13:50.129] [DEBUG] cheese - login => username:admin,password:123456
[2021-09-23T22:13:50.129] [DEBUG] cheese - admin
[2021-09-23T22:13:50.131] [DEBUG] cheese - null
[2021-09-23T22:13:50.131] [DEBUG] cheese - null
[2021-09-23T23:17:23.163] [DEBUG] cheese - login => username:admin,password:123456
[2021-09-23T23:17:23.163] [DEBUG] cheese - admin
[2021-09-23T23:17:23.169] [DEBUG] cheese - null
[2021-09-23T23:17:23.169] [DEBUG] cheese - null
[2021-09-23T23:19:23.108] [DEBUG] cheese - login => username:admin,password:123456
[2021-09-23T23:19:23.108] [DEBUG] cheese - admin
[2021-09-23T23:19:23.110] [DEBUG] cheese - null
[2021-09-23T23:19:23.110] [DEBUG] cheese - null
[2021-09-24T11:41:48.434] [DEBUG] cheese - login => username:admin,password:123456
[2021-09-24T11:41:48.435] [DEBUG] cheese - admin
[2021-09-24T11:41:48.465] [DEBUG] cheese - null
[2021-09-24T11:41:48.465] [DEBUG] cheese - null
[2021-09-24T12:22:54.117] [DEBUG] cheese - login => username:admin,password:123456
[2021-09-24T12:22:54.118] [DEBUG] cheese - admin
[2021-09-24T12:22:54.122] [DEBUG] cheese - null
[2021-09-24T12:22:54.122] [DEBUG] cheese - null
[2021-09-24T12:23:00.588] [DEBUG] cheese - login => username:admin,password:123456
[2021-09-24T12:23:00.588] [DEBUG] cheese - admin
[2021-09-24T12:23:00.591] [DEBUG] cheese - null
[2021-09-24T12:23:00.591] [DEBUG] cheese - null
[2021-09-24T17:14:49.277] [DEBUG] cheese - login => username:admin,password:123456
[2021-09-24T17:14:49.277] [DEBUG] cheese - admin
[2021-09-24T17:14:49.282] [DEBUG] cheese - null
[2021-09-24T17:14:49.282] [DEBUG] cheese - null
[2021-09-24T17:44:10.321] [DEBUG] cheese - login => username:admin,password:123456
[2021-09-24T17:44:10.321] [DEBUG] cheese - admin
[2021-09-24T17:44:10.326] [DEBUG] cheese - null
[2021-09-24T17:44:10.326] [DEBUG] cheese - null
[2021-09-24T17:48:44.403] [DEBUG] cheese - login => username:admin,password:123456
[2021-09-24T17:48:44.403] [DEBUG] cheese - admin
[2021-09-24T17:48:44.406] [DEBUG] cheese - null
[2021-09-24T17:48:44.406] [DEBUG] cheese - null
[2021-09-25T14:01:32.290] [DEBUG] cheese - login => username:admin,password:123456
[2021-09-25T14:01:32.292] [DEBUG] cheese - admin
[2021-09-25T14:01:32.321] [DEBUG] cheese - null
[2021-09-25T14:01:32.322] [DEBUG] cheese - null
[2021-09-25T15:18:21.514] [DEBUG] cheese - login => username:admin,password:123456
[2021-09-25T15:18:21.515] [DEBUG] cheese - admin
[2021-09-25T15:18:21.519] [DEBUG] cheese - null
[2021-09-25T15:18:21.520] [DEBUG] cheese - null
[2022-11-18T13:20:54.461] [DEBUG] cheese - login => username:admin,password:123456
[2022-11-18T13:20:54.463] [DEBUG] cheese - admin
[2022-11-18T13:20:54.487] [DEBUG] cheese - null
[2022-11-18T13:20:54.487] [DEBUG] cheese - null
[2022-11-18T14:49:28.008] [DEBUG] cheese - login => username:admin,password:123456
[2022-11-18T14:49:28.009] [DEBUG] cheese - admin
[2022-11-18T14:49:28.012] [DEBUG] cheese - null
[2022-11-18T14:49:28.013] [DEBUG] cheese - null
[2022-11-18T16:35:17.993] [DEBUG] cheese - login => username:admin,password:123456
[2022-11-18T16:35:17.993] [DEBUG] cheese - admin
[2022-11-18T16:35:17.995] [DEBUG] cheese - null
[2022-11-18T16:35:17.995] [DEBUG] cheese - null
[2022-11-19T12:36:50.629] [DEBUG] cheese - login => username:admin,password:123456
[2022-11-19T12:36:50.632] [DEBUG] cheese - admin
[2022-11-19T12:36:50.667] [DEBUG] cheese - null
[2022-11-19T12:36:50.668] [DEBUG] cheese - null
[2022-11-20T12:43:40.608] [DEBUG] cheese - login => username:admin,password:123456
[2022-11-20T12:43:40.609] [DEBUG] cheese - admin
[2022-11-20T12:43:40.634] [DEBUG] cheese - null
[2022-11-20T12:43:40.635] [DEBUG] cheese - null
[2022-11-20T19:38:07.842] [DEBUG] cheese - login => username:admin,password:123456
[2022-11-20T19:38:07.844] [DEBUG] cheese - admin
[2022-11-20T19:38:07.848] [DEBUG] cheese - null
[2022-11-20T19:38:07.848] [DEBUG] cheese - null
[2022-11-20T19:58:05.600] [DEBUG] cheese - login => username:admin,password:123456
[2022-11-20T19:58:05.602] [DEBUG] cheese - admin
[2022-11-20T19:58:05.606] [DEBUG] cheese - null
[2022-11-20T19:58:05.607] [DEBUG] cheese - null
[2022-11-21T12:42:50.266] [DEBUG] cheese - login => username:admin,password:123456
[2022-11-21T12:42:50.268] [DEBUG] cheese - admin
[2022-11-21T12:42:50.296] [DEBUG] cheese - null
[2022-11-21T12:42:50.296] [DEBUG] cheese - null
[2022-11-21T16:58:36.326] [DEBUG] cheese - login => username:admin,password:123456
[2022-11-21T16:58:36.328] [DEBUG] cheese - admin
[2022-11-21T16:58:36.332] [DEBUG] cheese - null
[2022-11-21T16:58:36.332] [DEBUG] cheese - null
[2022-11-21T18:50:32.234] [DEBUG] cheese - login => username:admin,password:123456
[2022-11-21T18:50:32.235] [DEBUG] cheese - admin
[2022-11-21T18:50:32.237] [DEBUG] cheese - null
[2022-11-21T18:50:32.237] [DEBUG] cheese - null
[2022-11-22T13:33:17.166] [DEBUG] cheese - login => username:admin,password:123456
[2022-11-22T13:33:17.168] [DEBUG] cheese - admin
[2022-11-22T13:33:17.193] [DEBUG] cheese - null
[2022-11-22T13:33:17.194] [DEBUG] cheese - null
[2022-11-22T13:49:14.443] [DEBUG] cheese - login => username:admin,password:123456
[2022-11-22T13:49:14.444] [DEBUG] cheese - admin
[2022-11-22T13:49:14.450] [DEBUG] cheese - null
[2022-11-22T13:49:14.450] [DEBUG] cheese - null
[2022-11-22T16:37:33.686] [DEBUG] cheese - login => username:admin,password:123456
[2022-11-22T16:37:33.695] [DEBUG] cheese - admin
[2022-11-22T16:37:33.702] [DEBUG] cheese - null
[2022-11-22T16:37:33.703] [DEBUG] cheese - null
[2022-11-23T13:19:01.568] [DEBUG] cheese - login => username:admin,password:123456
[2022-11-23T13:19:01.570] [DEBUG] cheese - admin
[2022-11-23T13:19:01.593] [DEBUG] cheese - null
[2022-11-23T13:19:01.594] [DEBUG] cheese - null
[2022-11-23T16:51:18.643] [DEBUG] cheese - login => username:admin,password:123456
[2022-11-23T16:51:18.648] [DEBUG] cheese - admin
[2022-11-23T16:51:18.653] [DEBUG] cheese - null
[2022-11-23T16:51:18.653] [DEBUG] cheese - null
[2022-11-24T12:58:37.424] [DEBUG] cheese - login => username:admin,password:123456
[2022-11-24T12:58:37.426] [DEBUG] cheese - admin
[2022-11-24T12:58:37.457] [DEBUG] cheese - null
[2022-11-24T12:58:37.457] [DEBUG] cheese - null
[2022-11-24T16:33:43.763] [DEBUG] cheese - login => username:admin,password:123456
[2022-11-24T16:33:43.764] [DEBUG] cheese - admin
[2022-11-24T16:33:43.769] [DEBUG] cheese - null
[2022-11-24T16:33:43.770] [DEBUG] cheese - null
[2022-11-24T16:34:35.388] [DEBUG] cheese - null
[2022-11-24T16:37:43.074] [DEBUG] cheese - null
[2022-11-24T16:37:56.819] [DEBUG] cheese - null
[2022-11-24T20:39:44.773] [DEBUG] cheese - login => username:admin,password:123456
[2022-11-24T20:39:44.774] [DEBUG] cheese - admin
[2022-11-24T20:39:44.777] [DEBUG] cheese - null
[2022-11-24T20:39:44.777] [DEBUG] cheese - null
[2022-11-25T12:21:46.947] [DEBUG] cheese - login => username:admin,password:123456
[2022-11-25T12:21:46.948] [DEBUG] cheese - admin
[2022-11-25T12:21:46.972] [DEBUG] cheese - null
[2022-11-25T12:21:46.972] [DEBUG] cheese - null
[2022-11-25T12:51:20.755] [DEBUG] cheese - login => username:admin,password:123456
[2022-11-25T12:51:20.757] [DEBUG] cheese - admin
[2022-11-25T12:51:20.783] [DEBUG] cheese - null
[2022-11-25T12:51:20.783] [DEBUG] cheese - null
[2022-11-25T15:05:58.631] [DEBUG] cheese - login => username:admin,password:123456
[2022-11-25T15:05:58.634] [DEBUG] cheese - admin
[2022-11-25T15:05:58.645] [DEBUG] cheese - null
[2022-11-25T15:05:58.645] [DEBUG] cheese - null
[2022-11-25T15:08:45.451] [DEBUG] cheese - login => username:admin,password:123456
[2022-11-25T15:08:45.453] [DEBUG] cheese - admin
[2022-11-25T15:08:45.462] [DEBUG] cheese - null
[2022-11-25T15:08:45.463] [DEBUG] cheese - null
[2022-11-25T15:10:52.554] [DEBUG] cheese - login => username:admin,password:123456
[2022-11-25T15:10:52.556] [DEBUG] cheese - admin
[2022-11-25T15:10:52.565] [DEBUG] cheese - null
[2022-11-25T15:10:52.566] [DEBUG] cheese - null
[2022-11-25T15:11:38.602] [DEBUG] cheese - login => username:admin,password:123456
[2022-11-25T15:11:38.603] [DEBUG] cheese - admin
[2022-11-25T15:11:38.605] [DEBUG] cheese - null
[2022-11-25T15:11:38.606] [DEBUG] cheese - null
[2022-11-25T15:32:23.909] [DEBUG] cheese - login => username:admin,password:123456
[2022-11-25T15:32:23.909] [DEBUG] cheese - admin
[2022-11-25T15:32:23.914] [DEBUG] cheese - null
[2022-11-25T15:32:23.914] [DEBUG] cheese - null
[2022-11-25T15:33:33.762] [DEBUG] cheese - login => username:admin,password:123456
[2022-11-25T15:33:33.762] [DEBUG] cheese - admin
[2022-11-25T15:33:33.765] [DEBUG] cheese - null
[2022-11-25T15:33:33.765] [DEBUG] cheese - null
[2022-11-25T15:45:33.940] [DEBUG] cheese - login => username:admin,password:123456
[2022-11-25T15:45:33.943] [DEBUG] cheese - admin
[2022-11-25T15:45:33.950] [DEBUG] cheese - null
[2022-11-25T15:45:33.951] [DEBUG] cheese - null
[2022-11-25T15:53:36.842] [DEBUG] cheese - login => username:admin,password:123456
[2022-11-25T15:53:36.842] [DEBUG] cheese - admin
[2022-11-25T15:53:36.846] [DEBUG] cheese - null
[2022-11-25T15:53:36.846] [DEBUG] cheese - null
[2022-11-25T19:12:27.321] [DEBUG] cheese - login => username:admin,password:123456
[2022-11-25T19:12:27.324] [DEBUG] cheese - admin
[2022-11-25T19:12:27.328] [DEBUG] cheese - null
[2022-11-25T19:12:27.328] [DEBUG] cheese - null
[2022-11-25T19:37:33.651] [DEBUG] cheese - login => username:admin,password:123456
[2022-11-25T19:37:33.652] [DEBUG] cheese - admin
[2022-11-25T19:37:33.665] [DEBUG] cheese - null
[2022-11-25T19:37:33.666] [DEBUG] cheese - null
[2022-11-25T19:38:50.854] [DEBUG] cheese - login => username:admin,password:123456
[2022-11-25T19:38:50.856] [DEBUG] cheese - admin
[2022-11-25T19:38:50.860] [DEBUG] cheese - null
[2022-11-25T19:38:50.860] [DEBUG] cheese - null
[2022-11-25T19:40:21.831] [DEBUG] cheese - login => username:admin,password:123456
[2022-11-25T19:40:21.831] [DEBUG] cheese - admin
[2022-11-25T19:40:21.836] [DEBUG] cheese - null
[2022-11-25T19:40:21.836] [DEBUG] cheese - null
[2022-11-25T19:54:10.333] [DEBUG] cheese - login => username:admin,password:123456
[2022-11-25T19:54:10.333] [DEBUG] cheese - admin
[2022-11-25T19:54:10.337] [DEBUG] cheese - null
[2022-11-25T19:54:10.337] [DEBUG] cheese - null
[2022-11-25T19:55:35.489] [DEBUG] cheese - login => username:admin,password:123456
[2022-11-25T19:55:35.490] [DEBUG] cheese - admin
[2022-11-25T19:55:35.492] [DEBUG] cheese - null
[2022-11-25T19:55:35.492] [DEBUG] cheese - null
[2022-11-25T19:58:41.741] [DEBUG] cheese - login => username:admin,password:123456
[2022-11-25T19:58:41.743] [DEBUG] cheese - admin
[2022-11-25T19:58:41.747] [DEBUG] cheese - null
[2022-11-25T19:58:41.748] [DEBUG] cheese - null
[2022-11-25T20:02:52.929] [DEBUG] cheese - login => username:admin,password:123456
[2022-11-25T20:02:52.930] [DEBUG] cheese - admin
[2022-11-25T20:02:52.934] [DEBUG] cheese - null
[2022-11-25T20:02:52.935] [DEBUG] cheese - null
[2022-11-26T12:11:14.695] [DEBUG] cheese - login => username:admin,password:123456
[2022-11-26T12:11:14.697] [DEBUG] cheese - admin
[2022-11-26T12:11:14.728] [DEBUG] cheese - null
[2022-11-26T12:11:14.728] [DEBUG] cheese - null
[2022-11-26T12:21:04.668] [DEBUG] cheese - login => username:admin,password:123456
[2022-11-26T12:21:04.669] [DEBUG] cheese - admin
[2022-11-26T12:21:04.684] [DEBUG] cheese - null
[2022-11-26T12:21:04.684] [DEBUG] cheese - null
